<?xml version="1.0" encoding="UTF-8"?>
<!-- Generated by org.testng.reporters.JUnitReportReporter -->
<testsuite hostname="DESKTOP-RO7LUG0" failures="0" tests="7" name="com.MyAppApplicationTestscode" time="76.997" errors="0" timestamp="2023-08-03T16:24:02 IST" skipped="0">
  <testcase classname="com.MyAppApplicationTestscode" name="testing" time="10.667"/>
  <testcase classname="com.MyAppApplicationTestscode" name="signup" time="11.005"/>
  <testcase classname="com.MyAppApplicationTestscode" name="signin" time="13.412"/>
  <testcase classname="com.MyAppApplicationTestscode" name="adminhome" time="10.148"/>
  <testcase classname="com.MyAppApplicationTestscode" name="userhome" time="12.960"/>
  <testcase classname="com.MyAppApplicationTestscode" name="loadusers" time="11.262"/>
  <testcase classname="com.MyAppApplicationTestscode" name="approve" time="7.543"/>
</testsuite> <!-- com.MyAppApplicationTestscode -->
